# JRE version: OpenJDK Runtime Environment (21.0.7) (build 21.0.7+-13880790-b1038.58)
# Java VM: OpenJDK 64-Bit Server VM (21.0.7+-13880790-b1038.58, mixed mode, tiered, compressed oops, compressed class ptrs, g1 gc, windows-amd64)
GC Precious Log:
 CardTable entry size: 512
 Card Set container configuration: InlinePtr #cards 5 size 8 Array Of Cards #cards 12 size 40 Howl #buckets 4 coarsen threshold 1843 Howl Bitmap #cards 512 size 80 coarsen threshold 460 Card regions per heap region 1 cards per card region 2048
 CPUs: 28 total, 28 available
 Memory: 16039M
 Large Page Support: Disabled
 NUMA Support: Disabled
 Compressed Oops: Enabled (32-bit)
 Heap Region Size: 1M
 Heap Min Capacity: 8M
 Heap Initial Capacity: 252M
 Heap Max Capacity: 2G
 Pre-touch: Disabled
 Parallel Workers: 20
 Concurrent Workers: 5
 Concurrent Refinement Workers: 20
 Periodic GC: Disabled
Heap:
 garbage-first heap   total 447488K, used 331271K [0x0000000080000000, 0x0000000100000000)
  region size 1024K, 122 young (124928K), 23 survivors (23552K)
 Metaspace       used 195675K, committed 198592K, reserved 1245184K
  class space    used 26093K, committed 27520K, reserved 1048576K
GC Heap History (20 events):
Event: 17.466 GC heap before
{Heap before GC invocations=48 (full 0):
 garbage-first heap   total 289792K, used 268613K [0x0000000080000000, 0x0000000100000000)
  region size 1024K, 91 young (93184K), 9 survivors (9216K)
 Metaspace       used 137717K, committed 140160K, reserved 1179648K
  class space    used 18567K, committed 19776K, reserved 1048576K
}
Event: 17.470 GC heap after
{Heap after GC invocations=49 (full 0):
 garbage-first heap   total 289792K, used 184639K [0x0000000080000000, 0x0000000100000000)
  region size 1024K, 6 young (6144K), 6 survivors (6144K)
 Metaspace       used 137717K, committed 140160K, reserved 1179648K
  class space    used 18567K, committed 19776K, reserved 1048576K
}
Event: 17.941 GC heap before
{Heap before GC invocations=49 (full 0):
 garbage-first heap   total 289792K, used 266559K [0x0000000080000000, 0x0000000100000000)
  region size 1024K, 87 young (89088K), 6 survivors (6144K)
 Metaspace       used 142396K, committed 144896K, reserved 1179648K
  class space    used 19130K, committed 20352K, reserved 1048576K
}
Event: 17.945 GC heap after
{Heap after GC invocations=50 (full 0):
 garbage-first heap   total 289792K, used 189891K [0x0000000080000000, 0x0000000100000000)
  region size 1024K, 11 young (11264K), 11 survivors (11264K)
 Metaspace       used 142396K, committed 144896K, reserved 1179648K
  class space    used 19130K, committed 20352K, reserved 1048576K
}
Event: 18.778 GC heap before
{Heap before GC invocations=51 (full 0):
 garbage-first heap   total 317440K, used 262595K [0x0000000080000000, 0x0000000100000000)
  region size 1024K, 81 young (82944K), 11 survivors (11264K)
 Metaspace       used 148372K, committed 150848K, reserved 1179648K
  class space    used 20118K, committed 21312K, reserved 1048576K
}
Event: 18.782 GC heap after
{Heap after GC invocations=52 (full 0):
 garbage-first heap   total 317440K, used 192295K [0x0000000080000000, 0x0000000100000000)
  region size 1024K, 8 young (8192K), 8 survivors (8192K)
 Metaspace       used 148372K, committed 150848K, reserved 1179648K
  class space    used 20118K, committed 21312K, reserved 1048576K
}
Event: 21.498 GC heap before
{Heap before GC invocations=52 (full 0):
 garbage-first heap   total 317440K, used 296743K [0x0000000080000000, 0x0000000100000000)
  region size 1024K, 106 young (108544K), 8 survivors (8192K)
 Metaspace       used 155740K, committed 158272K, reserved 1245184K
  class space    used 21030K, committed 22272K, reserved 1048576K
}
Event: 21.502 GC heap after
{Heap after GC invocations=53 (full 0):
 garbage-first heap   total 317440K, used 194047K [0x0000000080000000, 0x0000000100000000)
  region size 1024K, 10 young (10240K), 10 survivors (10240K)
 Metaspace       used 155740K, committed 158272K, reserved 1245184K
  class space    used 21030K, committed 22272K, reserved 1048576K
}
Event: 23.860 GC heap before
{Heap before GC invocations=53 (full 0):
 garbage-first heap   total 317440K, used 288255K [0x0000000080000000, 0x0000000100000000)
  region size 1024K, 103 young (105472K), 10 survivors (10240K)
 Metaspace       used 156777K, committed 159360K, reserved 1245184K
  class space    used 21168K, committed 22400K, reserved 1048576K
}
Event: 23.865 GC heap after
{Heap after GC invocations=54 (full 0):
 garbage-first heap   total 317440K, used 199522K [0x0000000080000000, 0x0000000100000000)
  region size 1024K, 12 young (12288K), 12 survivors (12288K)
 Metaspace       used 156777K, committed 159360K, reserved 1245184K
  class space    used 21168K, committed 22400K, reserved 1048576K
}
Event: 145.105 GC heap before
{Heap before GC invocations=55 (full 0):
 garbage-first heap   total 332800K, used 287586K [0x0000000080000000, 0x0000000100000000)
  region size 1024K, 98 young (100352K), 12 survivors (12288K)
 Metaspace       used 157907K, committed 160512K, reserved 1245184K
  class space    used 21323K, committed 22592K, reserved 1048576K
}
Event: 145.110 GC heap after
{Heap after GC invocations=56 (full 0):
 garbage-first heap   total 447488K, used 201690K [0x0000000080000000, 0x0000000100000000)
  region size 1024K, 3 young (3072K), 3 survivors (3072K)
 Metaspace       used 157907K, committed 160512K, reserved 1245184K
  class space    used 21323K, committed 22592K, reserved 1048576K
}
Event: 146.258 GC heap before
{Heap before GC invocations=56 (full 0):
 garbage-first heap   total 447488K, used 404442K [0x0000000080000000, 0x0000000100000000)
  region size 1024K, 200 young (204800K), 3 survivors (3072K)
 Metaspace       used 167436K, committed 170112K, reserved 1245184K
  class space    used 22371K, committed 23616K, reserved 1048576K
}
Event: 146.264 GC heap after
{Heap after GC invocations=57 (full 0):
 garbage-first heap   total 447488K, used 209763K [0x0000000080000000, 0x0000000100000000)
  region size 1024K, 14 young (14336K), 14 survivors (14336K)
 Metaspace       used 167436K, committed 170112K, reserved 1245184K
  class space    used 22371K, committed 23616K, reserved 1048576K
}
Event: 164.023 GC heap before
{Heap before GC invocations=57 (full 0):
 garbage-first heap   total 447488K, used 301923K [0x0000000080000000, 0x0000000100000000)
  region size 1024K, 106 young (108544K), 14 survivors (14336K)
 Metaspace       used 170592K, committed 173312K, reserved 1245184K
  class space    used 22753K, committed 24064K, reserved 1048576K
}
Event: 164.031 GC heap after
{Heap after GC invocations=58 (full 0):
 garbage-first heap   total 447488K, used 215832K [0x0000000080000000, 0x0000000100000000)
  region size 1024K, 20 young (20480K), 20 survivors (20480K)
 Metaspace       used 170592K, committed 173312K, reserved 1245184K
  class space    used 22753K, committed 24064K, reserved 1048576K
}
Event: 164.940 GC heap before
{Heap before GC invocations=59 (full 0):
 garbage-first heap   total 447488K, used 407320K [0x0000000080000000, 0x0000000100000000)
  region size 1024K, 202 young (206848K), 20 survivors (20480K)
 Metaspace       used 183382K, committed 186240K, reserved 1245184K
  class space    used 24360K, committed 25728K, reserved 1048576K
}
Event: 164.953 GC heap after
{Heap after GC invocations=60 (full 0):
 garbage-first heap   total 447488K, used 226095K [0x0000000080000000, 0x0000000100000000)
  region size 1024K, 18 young (18432K), 18 survivors (18432K)
 Metaspace       used 183382K, committed 186240K, reserved 1245184K
  class space    used 24360K, committed 25728K, reserved 1048576K
}
Event: 165.824 GC heap before
{Heap before GC invocations=60 (full 0):
 garbage-first heap   total 447488K, used 410415K [0x0000000080000000, 0x0000000100000000)
  region size 1024K, 193 young (197632K), 18 survivors (18432K)
 Metaspace       used 194690K, committed 197504K, reserved 1245184K
  class space    used 25965K, committed 27328K, reserved 1048576K
}
Event: 165.834 GC heap after
{Heap after GC invocations=61 (full 0):
 garbage-first heap   total 447488K, used 231943K [0x0000000080000000, 0x0000000100000000)
  region size 1024K, 23 young (23552K), 23 survivors (23552K)
 Metaspace       used 194690K, committed 197504K, reserved 1245184K
  class space    used 25965K, committed 27328K, reserved 1048576K
}

